2025-12-09 15:42:18 - [Exception] Failed opening required 'classes/Auth.php' (include_path='.:/usr/share/php') in /var/www/html/fpms/index.php on line 3
2025-12-09 15:48:38 - [Exception] Unclosed '{' on line 30 in /var/www/html/fpms/classes/Auth.php on line 43
2025-12-09 15:50:59 - [Exception] Class "Auth" not found in /var/www/html/fpms/index.php on line 6
2025-12-09 16:00:12 - [Exception] Unknown column 'details' in 'field list' in /var/www/html/fpms/config.php on line 568
2025-12-09 16:04:41 - [Exception] Unknown column 'details' in 'field list' in /var/www/html/fpms/setup_admin.php on line 59
2025-12-09 16:22:44 - [Exception] Unknown column 'details' in 'field list' in /var/www/html/fpms/config.php on line 568
2025-12-09 22:18:42 - [Exception] Call to undefined method UserManager::getManageableUsers() in /var/www/html/fpms/users/manage_passwords.php on line 83
2025-12-09 22:19:45 - [Exception] syntax error, unexpected token "public", expecting end of file in /var/www/html/fpms/classes/UserManager.php on line 115
2025-12-09 22:54:25 - [Exception] Call to undefined method UserManager::getUserStatistics() in /var/www/html/fpms/users/index.php on line 24
2025-12-09 22:55:47 - [Exception] syntax error, unexpected token "public", expecting end of file in /var/www/html/fpms/classes/UserManager.php on line 457
2025-12-10 06:15:35 - [Exception] Call to undefined method Auth::clearRememberToken() in /var/www/html/fpms/logout.php on line 35
2025-12-10 06:25:04 - [Exception] syntax error, unexpected token "*", expecting "function" or "const" in /var/www/html/fpms/classes/Auth.php on line 183
2025-12-10 06:32:59 - [Exception] Unclosed '{' on line 30 in /var/www/html/fpms/classes/Auth.php on line 55
2025-12-10 06:47:33 - [Exception] Class "Auth" not found in /var/www/html/fpms/index.php on line 6
2025-12-10 07:13:43 - [Exception] You have an error in your SQL syntax; check the manual that corresponds to your MySQL server version for the right syntax to use near '*) as total 
                  FROM families f 
                  JOIN fix_wor' at line 1 in /var/www/html/fpms/classes/UserManager.php on line 75
2025-12-10 07:15:48 - [Exception] Table 'fpms.fix_work_station' doesn't exist in /var/www/html/fpms/classes/UserManager.php on line 75
2025-12-10 07:17:20 - [Exception] Table 'fpms.fix_work_station' doesn't exist in /var/www/html/fpms/classes/UserManager.php on line 80
2025-12-10 07:18:35 - [Exception] Table 'fpms.fix_work_station' doesn't exist in /var/www/html/fpms/classes/UserManager.php on line 80
2025-12-10 07:21:47 - [Exception] Table 'fpms.fix_work_station' doesn't exist in /var/www/html/fpms/classes/UserManager.php on line 75
2025-12-10 07:25:20 - [Exception] Illegal mix of collations (utf8mb4_unicode_ci,IMPLICIT) and (utf8mb4_0900_ai_ci,IMPLICIT) for operation '=' in /var/www/html/fpms/classes/UserManager.php on line 75
2025-12-10 07:26:19 - [Exception] Unknown column 'al.details' in 'where clause' in /var/www/html/fpms/classes/UserManager.php on line 232
2025-12-10 09:03:50 - [Exception] Table 'fpms.transfer_requests' doesn't exist in /var/www/html/fpms/classes/UserManager.php on line 137
2025-12-10 09:07:29 - [Exception] Unknown column 'division_code' in 'where clause' in /var/www/html/fpms/classes/UserManager.php on line 137
2025-12-10 09:10:24 - [Exception] Unknown column 'from_division_code' in 'where clause' in /var/www/html/fpms/classes/UserManager.php on line 140
2025-12-10 09:10:26 - [Exception] Unknown column 'from_division_code' in 'where clause' in /var/www/html/fpms/classes/UserManager.php on line 140
2025-12-10 09:11:24 - [Exception] Unknown column 'from_division_code' in 'where clause' in /var/www/html/fpms/classes/UserManager.php on line 140
2025-12-10 09:11:27 - [Exception] Unknown column 'from_division_code' in 'where clause' in /var/www/html/fpms/classes/UserManager.php on line 140
2025-12-10 09:22:27 - [Exception] Failed opening required '../classes/CitizenManager.php' (include_path='.:/usr/share/php') in /var/www/html/fpms/division/view_families.php on line 8
2025-12-10 09:23:10 - [Exception] Failed opening required '../classes/CitizenManager.php' (include_path='.:/usr/share/php') in /var/www/html/fpms/division/view_families.php on line 8
2025-12-10 11:08:03 - [Exception] Failed opening required '../../../includes/auth.php' (include_path='.:/usr/share/php') in /var/www/html/fpms/users/gn/citizens/add_family.php on line 8
2025-12-10 11:08:51 - [Exception] Failed opening required '../../../includes/functions.php' (include_path='.:/usr/share/php') in /var/www/html/fpms/users/gn/citizens/add_family.php on line 9
2025-12-10 11:12:05 - [Exception] Call to undefined function isLoggedIn() in /var/www/html/fpms/users/gn/citizens/add_family.php on line 12
2025-12-10 12:45:13 - [Exception] The number of elements in the type definition string must match the number of bind variables in /var/www/html/fpms/users/gn/citizens/add_family.php on line 160
2025-12-10 12:46:45 - [Exception] The number of elements in the type definition string must match the number of bind variables in /var/www/html/fpms/users/gn/citizens/add_family.php on line 131
2025-12-10 15:31:25 - [Exception] mysqli_stmt::bind_param(): Argument #16 cannot be passed by reference in /var/www/html/fpms/users/gn/citizens/add_family.php on line 268
2025-12-10 17:41:25 - [Exception] count(): Argument #1 ($value) must be of type Countable|array, string given in /var/www/html/fpms/users/gn/citizens/list_families.php on line 302
2025-12-10 17:58:17 - [Exception] count(): Argument #1 ($value) must be of type Countable|array, string given in /var/www/html/fpms/users/gn/citizens/list_families.php on line 56
2025-12-10 18:01:11 - [Exception] count(): Argument #1 ($value) must be of type Countable|array, string given in /var/www/html/fpms/users/gn/citizens/list_families.php on line 71
2025-12-10 23:04:46 - [Exception] mysqli_stmt::bind_param(): Argument #6 cannot be passed by reference in /var/www/html/fpms/users/gn/citizens/transfer_family.php on line 303
2025-12-10 23:14:24 - [Exception] mysqli_stmt::bind_param(): Argument #6 cannot be passed by reference in /var/www/html/fpms/users/gn/citizens/transfer_family.php on line 303
2025-12-10 23:19:51 - [Exception] mysqli_stmt::bind_param(): Argument #6 cannot be passed by reference in /var/www/html/fpms/users/gn/citizens/transfer_family.php on line 303
2025-12-10 23:42:00 - [Exception] mysqli_stmt::bind_param(): Argument #6 cannot be passed by reference in /var/www/html/fpms/users/gn/citizens/transfer_family.php on line 303
2025-12-11 06:36:00 - [Exception] mysqli_stmt::bind_param(): Argument #6 cannot be passed by reference in /var/www/html/fpms/users/gn/citizens/transfer_family.php on line 303
2025-12-11 10:29:26 - [Exception] Unknown column 'citizens.family_id' in 'on clause' in /var/www/html/fpms/includes/sidebar.php on line 432
2025-12-11 10:52:01 - [Exception] Failed opening required '../../../classes/Validator.php' (include_path='.:/usr/share/php') in /var/www/html/fpms/users/gn/citizens/edit_family.php on line 15
2025-12-11 10:59:30 - [Exception] Failed opening required '../../../classes/Validator.php' (include_path='.:/usr/share/php') in /var/www/html/fpms/users/gn/citizens/edit_family.php on line 15
2025-12-11 11:17:42 - [Exception] mysqli_stmt::bind_param(): Argument #6 cannot be passed by reference in /var/www/html/fpms/users/gn/citizens/transfer_family.php on line 303
2025-12-11 11:18:37 - [Exception] mysqli_stmt::bind_param(): Argument #6 cannot be passed by reference in /var/www/html/fpms/users/gn/citizens/transfer_family.php on line 303
2025-12-11 13:10:23 - [Exception] Failed opening required '../includes/header.php' (include_path='.:/usr/share/php') in /var/www/html/fpms/users/gn/citizens/transfer_requests.php on line 300
2025-12-11 13:13:42 - [Exception] count(): Argument #1 ($value) must be of type Countable|array, null given in /var/www/html/fpms/users/gn/citizens/transfer_requests.php on line 448
2025-12-11 13:14:43 - [Exception] count(): Argument #1 ($value) must be of type Countable|array, null given in /var/www/html/fpms/users/gn/citizens/transfer_requests.php on line 448
2025-12-11 13:38:11 - [Exception] count(): Argument #1 ($value) must be of type Countable|array, null given in /var/www/html/fpms/users/gn/citizens/transfer_requests.php on line 448
2025-12-12 19:14:05 - [Exception] count(): Argument #1 ($value) must be of type Countable|array, null given in /var/www/html/fpms/users/gn/citizens/view_family.php on line 209
2025-12-12 19:14:11 - [Exception] count(): Argument #1 ($value) must be of type Countable|array, null given in /var/www/html/fpms/users/gn/citizens/view_family.php on line 209
2025-12-13 07:01:20 - [Exception] Failed opening required 'classes/Auth.php' (include_path='.:/usr/share/php') in /var/www/html/fpms/users/search_family.php on line 14
2025-12-13 07:51:26 - [Exception] Failed opening required '../../includes/header.php' (include_path='.:/usr/share/php') in /var/www/html/fpms/users/gn/profile/settings.php on line 368
2025-12-13 23:15:59 - [Exception] Failed opening required '../classes/Sanitizer.php' (include_path='.:/usr/share/php') in /var/www/html/fpms/users/search_members.php on line 15
2025-12-13 23:20:07 - [Exception] Failed opening required '../classes/Sanitizer.php' (include_path='.:/usr/share/php') in /var/www/html/fpms/users/search_members.php on line 15
2025-12-13 23:20:10 - [Exception] Failed opening required '../classes/Sanitizer.php' (include_path='.:/usr/share/php') in /var/www/html/fpms/users/search_members.php on line 15
2025-12-13 23:20:38 - [Exception] Failed opening required '../classes/Sanitizer.php' (include_path='.:/usr/share/php') in /var/www/html/fpms/users/search_members.php on line 15
2025-12-13 23:20:41 - [Exception] Failed opening required '../classes/Sanitizer.php' (include_path='.:/usr/share/php') in /var/www/html/fpms/users/search_members.php on line 15
2025-12-13 23:40:49 - [Exception] Failed opening required '../../../classes/ReportGenerator.php' (include_path='.:/usr/share/php') in /var/www/html/fpms/users/gn/reports/index.php on line 16
2025-12-14 00:27:13 - [Exception] Call to undefined method DivisionReport::getGNPerformanceChart() in /var/www/html/fpms/division/reports_division.php on line 95
2025-12-14 00:27:57 - [Exception] number_format(): Argument #1 ($num) must be of type float, string given in /var/www/html/fpms/division/reports_division.php on line 570
2025-12-14 00:28:27 - [Exception] Call to undefined method DivisionReport::getFamilySizeComparisonChart() in /var/www/html/fpms/division/reports_division.php on line 105
2025-12-14 00:28:36 - [Exception] Call to undefined method DivisionReport::getAgeGroupComparisonChart() in /var/www/html/fpms/division/reports_division.php on line 130
2025-12-14 00:28:53 - [Exception] Call to undefined method DivisionReport::getGNComparisonChart() in /var/www/html/fpms/division/reports_division.php on line 141
2025-12-14 00:29:36 - [Exception] syntax error, unexpected token "{" in /var/www/html/fpms/classes/DivisionReport.php on line 1182
2025-12-14 00:37:31 - [Exception] number_format(): Argument #1 ($num) must be of type float, string given in /var/www/html/fpms/division/reports_division.php on line 570
2025-12-14 01:28:11 - [Exception] Call to undefined method Sanitizer::sanitizeString() in /var/www/html/fpms/division/reports_division.php on line 81
2025-12-14 01:31:47 - [Exception] syntax error, unexpected token "{" in /var/www/html/fpms/classes/DivisionReport.php on line 1229
2025-12-14 01:42:11 - [Exception] Call to undefined method Sanitizer::sanitizeString() in /var/www/html/fpms/division/reports_division.php on line 81
2025-12-14 21:04:11 - [Exception] Call to undefined method Auth::checkAuthentication() in /var/www/html/fpms/district/divisions.php on line 18
2025-12-14 21:08:44 - [Exception] Failed opening required 'config.php' (include_path='.:/usr/share/php') in /var/www/html/fpms/classes/Database.php on line 10
2025-12-14 21:12:05 - [Exception] Undefined constant "DB_HOST" in /var/www/html/fpms/classes/Database.php on line 41
2025-12-14 21:13:26 - [Exception] Undefined constant "DB_HOST" in /var/www/html/fpms/classes/Database.php on line 41
2025-12-14 21:13:28 - [Exception] Undefined constant "DB_HOST" in /var/www/html/fpms/classes/Database.php on line 41
2025-12-14 21:14:10 - [Exception] Undefined constant "DB_HOST" in /var/www/html/fpms/classes/Database.php on line 41
2025-12-14 22:25:27 - [Exception] count(): Argument #1 ($value) must be of type Countable|array, null given in /var/www/html/fpms/district/view_families.php on line 264
2025-12-15 14:22:02 - [Exception] count(): Argument #1 ($value) must be of type Countable|array, string given in /var/www/html/fpms/users/gn/citizens/list_families.php on line 781
2025-12-15 14:23:56 - [Exception] count(): Argument #1 ($value) must be of type Countable|array, string given in /var/www/html/fpms/users/gn/citizens/list_families.php on line 781
2025-12-15 14:25:37 - [Exception] count(): Argument #1 ($value) must be of type Countable|array, string given in /var/www/html/fpms/users/gn/citizens/list_families.php on line 781
2025-12-15 14:34:03 - [Exception] count(): Argument #1 ($value) must be of type Countable|array, string given in /var/www/html/fpms/users/gn/citizens/list_families.php on line 781
2025-12-15 14:54:15 - [Exception] Failed opening required '/var/www/html/fpms/includes/../../config.php' (include_path='.:/usr/share/php') in /var/www/html/fpms/includes/sidebar.php on line 42
2025-12-15 15:38:39 - [Exception] Call to undefined method Validator::validate() in /var/www/html/fpms/users/gn/citizens/transfer_family.php on line 166
2025-12-15 15:39:08 - [Exception] Call to undefined method Validator::validate() in /var/www/html/fpms/users/gn/citizens/transfer_family.php on line 166
2025-12-15 15:39:43 - [Exception] Call to undefined method Validator::validate() in /var/www/html/fpms/users/gn/citizens/transfer_family.php on line 166
2025-12-15 15:43:47 - [Exception] Call to undefined method Validator::validate() in /var/www/html/fpms/users/gn/citizens/transfer_family.php on line 166
2025-12-16 22:59:57 - [Exception] mysqli_stmt::bind_param(): Argument #4 cannot be passed by reference in /var/www/html/fpms/classes/FormManager.php on line 57
2025-12-16 23:07:49 - [Exception] mysqli_stmt::bind_param(): Argument #11 cannot be passed by reference in /var/www/html/fpms/classes/FormManager.php on line 155
2025-12-16 23:21:13 - [Exception] Call to undefined method FormManager::reorderFormFields() in /var/www/html/fpms/forms/builder.php on line 94
2025-12-16 23:21:14 - [Exception] Call to undefined method FormManager::reorderFormFields() in /var/www/html/fpms/forms/builder.php on line 94
2025-12-16 23:28:15 - [Exception] Failed opening required '../classes/SubmissionManager.php' (include_path='.:/usr/share/php') in /var/www/html/fpms/forms/submissions.php on line 5
2025-12-16 23:33:57 - [Exception] Call to undefined method Database::getConnection() in /var/www/html/fpms/classes/SubmissionManager.php on line 6
2025-12-16 23:39:41 - [Exception] Call to undefined method FormManager::getAssignedForms() in /var/www/html/fpms/forms/submissions.php on line 28
2025-12-16 23:43:52 - [Exception] Call to undefined method FormManager::getAssignedForms() in /var/www/html/fpms/forms/submissions.php on line 28
2025-12-16 23:44:31 - [Exception] Call to a member function prepare() on null in /var/www/html/fpms/classes/FormManager.php on line 41
2025-12-16 23:52:03 - [Exception] Undefined constant "DB_HOST" in /var/www/html/fpms/classes/FormManager.php on line 14
2025-12-17 00:06:30 - [Exception] Call to undefined method FormManager::getAvailableForms() in /var/www/html/fpms/forms/manage.php on line 41
2025-12-17 00:06:38 - [Exception] Call to undefined method FormManager::getAvailableForms() in /var/www/html/fpms/forms/manage.php on line 41
2025-12-17 00:06:45 - [Exception] Call to undefined method FormManager::getAvailableForms() in /var/www/html/fpms/forms/manage.php on line 41
2025-12-17 00:07:09 - [Exception] Call to undefined method FormManager::getAvailableForms() in /var/www/html/fpms/forms/manage.php on line 41
2025-12-17 00:16:15 - [Exception] Class "FormManager" not found in /var/www/html/fpms/classes/FormManager.php on line 11
2025-12-17 00:16:24 - [Exception] Class "FormManager" not found in /var/www/html/fpms/classes/FormManager.php on line 11
2025-12-17 00:16:26 - [Exception] Class "FormManager" not found in /var/www/html/fpms/classes/FormManager.php on line 11
2025-12-17 00:16:27 - [Exception] Class "FormManager" not found in /var/www/html/fpms/classes/FormManager.php on line 11
2025-12-17 00:16:28 - [Exception] Class "FormManager" not found in /var/www/html/fpms/classes/FormManager.php on line 11
2025-12-17 00:16:29 - [Exception] Class "FormManager" not found in /var/www/html/fpms/classes/FormManager.php on line 11
2025-12-17 00:16:31 - [Exception] Class "FormManager" not found in /var/www/html/fpms/classes/FormManager.php on line 11
2025-12-17 00:16:37 - [Exception] Class "FormManager" not found in /var/www/html/fpms/classes/FormManager.php on line 11
2025-12-17 00:16:58 - [Exception] Call to undefined method FormManager::getAvailableForms() in /var/www/html/fpms/forms/manage.php on line 41
2025-12-17 00:24:25 - [Exception] Class "CitizenManager" not found in /var/www/html/fpms/forms/fill.php on line 15
2025-12-17 00:31:22 - [Exception] The number of variables must match the number of parameters in the prepared statement in /var/www/html/fpms/classes/FormManager.php on line 1026
2025-12-17 01:00:17 - [Exception] Failed opening required '../config.php' (include_path='.:/usr/share/php') in /var/www/html/fpms/includes/sidebar.php on line 7
2025-12-17 01:01:24 - [Exception] Failed opening required '../config.php' (include_path='.:/usr/share/php') in /var/www/html/fpms/includes/sidebar.php on line 7
2025-12-17 01:01:28 - [Exception] Failed opening required '../config.php' (include_path='.:/usr/share/php') in /var/www/html/fpms/includes/sidebar.php on line 7
2025-12-17 01:02:10 - [Exception] Failed opening required '../classes/Auth.php' (include_path='.:/usr/share/php') in /var/www/html/fpms/includes/sidebar.php on line 8
2025-12-17 01:08:47 - [Exception] Call to undefined method FormManager::getRecentSubmissions() in /var/www/html/fpms/includes/sidebar.php on line 24
2025-12-17 01:14:01 - [Exception] The number of elements in the type definition string must match the number of bind variables in /var/www/html/fpms/classes/FormManager.php on line 1402
2025-12-17 01:17:06 - [Exception] Failed opening required '../config.php' (include_path='.:/usr/share/php') in /var/www/html/fpms/includes/sidebar.php on line 7
2025-12-17 01:17:16 - [Exception] Failed opening required '../config.php' (include_path='.:/usr/share/php') in /var/www/html/fpms/includes/sidebar.php on line 7
2025-12-17 01:18:36 - [Exception] Failed opening required '../config.php' (include_path='.:/usr/share/php') in /var/www/html/fpms/includes/sidebar.php on line 7
2025-12-17 01:18:37 - [Exception] Failed opening required '../config.php' (include_path='.:/usr/share/php') in /var/www/html/fpms/includes/sidebar.php on line 7
2025-12-17 01:22:52 - [Exception] Failed opening required '../classes/FamilyManager.php' (include_path='.:/usr/share/php') in /var/www/html/fpms/forms/fill.php on line 10
2025-12-17 01:23:45 - [Exception] Failed opening required '../classes/FamilyManager.php' (include_path='.:/usr/share/php') in /var/www/html/fpms/forms/fill.php on line 10
2025-12-17 01:44:42 - [Exception] Cannot access private property FormManager::$conn in /var/www/html/fpms/forms/create.php on line 62
2025-12-17 01:44:52 - [Exception] Cannot access private property FormManager::$conn in /var/www/html/fpms/forms/create.php on line 62
2025-12-17 14:48:48 - [Exception] Cannot access private property FormManager::$conn in /var/www/html/fpms/forms/create.php on line 62
2025-12-17 14:50:46 - [Exception] Cannot access private property FormManager::$conn in /var/www/html/fpms/forms/create.php on line 62
2025-12-17 15:38:46 - [Exception] Call to undefined method UserManager::getAllUsers() in /var/www/html/fpms/forms/assignments.php on line 68
2025-12-17 15:39:43 - [Exception] Call to undefined method UserManager::getAllUsers() in /var/www/html/fpms/forms/assignments.php on line 68
2025-12-18 11:57:48 - [Exception] Call to undefined method UserManager::getManageableUsers() in /var/www/html/fpms/users/manage_passwords.php on line 83
2025-12-18 11:58:44 - [Exception] Call to undefined method UserManager::getManageableUsers() in /var/www/html/fpms/users/manage_passwords.php on line 83
2025-12-18 11:59:44 - [Exception] Call to undefined method UserManager::getManageableUsers() in /var/www/html/fpms/users/manage_passwords.php on line 83
2025-12-18 12:22:24 - [Exception] syntax error, unexpected token "try", expecting "function" or "const" in /var/www/html/fpms/classes/UserManager.php on line 1339
2025-12-18 12:56:21 - [Exception] Call to undefined method UserManager::getManageableUsers() in /var/www/html/fpms/users/manage_passwords.php on line 83
2025-12-18 13:03:58 - [Exception] Call to undefined method UserManager::getManageableUsers() in /var/www/html/fpms/users/manage_passwords.php on line 83
2025-12-18 13:13:59 - [Exception] Using $this when not in object context in /var/www/html/fpms/admin/districts.php on line 486
2025-12-18 13:18:57 - [Exception] Using $this when not in object context in /var/www/html/fpms/admin/districts.php on line 486
2025-12-18 13:19:57 - [Exception] Using $this when not in object context in /var/www/html/fpms/admin/districts.php on line 486
2025-12-18 13:21:07 - [Exception] Using $this when not in object context in /var/www/html/fpms/admin/districts.php on line 486
2025-12-18 13:21:11 - [Exception] Using $this when not in object context in /var/www/html/fpms/admin/districts.php on line 486
2025-12-18 13:23:34 - [Exception] Using $this when not in object context in /var/www/html/fpms/admin/districts.php on line 481
2025-12-18 13:24:43 - [Exception] Using $this when not in object context in /var/www/html/fpms/admin/districts.php on line 481
2025-12-18 13:26:32 - [Exception] Call to undefined method UserManager::getDistrictStats() in /var/www/html/fpms/classes/UserManager.php on line 1406
2025-12-18 13:26:35 - [Exception] Call to undefined method UserManager::getDistrictStats() in /var/www/html/fpms/classes/UserManager.php on line 1406
2025-12-18 13:26:42 - [Exception] Call to undefined method UserManager::getDistrictStats() in /var/www/html/fpms/classes/UserManager.php on line 1406
2025-12-18 13:29:43 - [Exception] Using $this when not in object context in /var/www/html/fpms/admin/districts.php on line 481
2025-12-18 13:29:54 - [Exception] Using $this when not in object context in /var/www/html/fpms/admin/districts.php on line 481
2025-12-18 13:37:19 - [Exception] Using $this when not in object context in /var/www/html/fpms/admin/districts.php on line 481
2025-12-18 13:39:17 - [Exception] Using $this when not in object context in /var/www/html/fpms/admin/districts.php on line 481
2025-12-18 13:58:09 - [Exception] Call to undefined method UserManager::getNotifications() in /var/www/html/fpms/index.php on line 629
2025-12-18 13:58:12 - [Exception] Using $this when not in object context in /var/www/html/fpms/admin/districts.php on line 481
2025-12-18 14:00:13 - [Exception] Cannot access private property UserManager::$conn in /var/www/html/fpms/admin/districts.php on line 119
2025-12-18 14:00:17 - [Exception] Using $this when not in object context in /var/www/html/fpms/admin/districts.php on line 481
2025-12-18 14:01:45 - [Exception] Call to undefined method UserManager::getNotifications() in /var/www/html/fpms/index.php on line 629
2025-12-18 14:01:51 - [Exception] Call to undefined method UserManager::getNotifications() in /var/www/html/fpms/index.php on line 629
2025-12-18 14:01:51 - [Exception] Call to undefined method UserManager::getNotifications() in /var/www/html/fpms/index.php on line 629
2025-12-18 14:04:50 - [Exception] count(): Argument #1 ($value) must be of type Countable|array, null given in /var/www/html/fpms/classes/UserManager.php on line 122
2025-12-18 14:04:56 - [Exception] count(): Argument #1 ($value) must be of type Countable|array, null given in /var/www/html/fpms/classes/UserManager.php on line 122
2025-12-18 14:05:27 - [Exception] Using $this when not in object context in /var/www/html/fpms/admin/districts.php on line 481
2025-12-18 14:08:32 - [Exception] Using $this when not in object context in /var/www/html/fpms/admin/districts.php on line 481
2025-12-18 14:26:42 - [Exception] Using $this when not in object context in /var/www/html/fpms/admin/districts.php on line 481
2025-12-18 14:30:24 - [Exception] Using $this when not in object context in /var/www/html/fpms/admin/districts.php on line 481
2025-12-18 14:31:13 - [Exception] Using $this when not in object context in /var/www/html/fpms/admin/districts.php on line 481
2025-12-18 14:31:23 - [Exception] Cannot access private property UserManager::$conn in /var/www/html/fpms/admin/districts.php on line 119
2025-12-18 14:31:27 - [Exception] Using $this when not in object context in /var/www/html/fpms/admin/districts.php on line 481
2025-12-18 14:31:34 - [Exception] Using $this when not in object context in /var/www/html/fpms/admin/districts.php on line 481
2025-12-18 14:33:10 - [Exception] Using $this when not in object context in /var/www/html/fpms/admin/districts.php on line 466
2025-12-18 14:33:53 - [Exception] Using $this when not in object context in /var/www/html/fpms/admin/districts.php on line 466
2025-12-18 14:34:40 - [Exception] Using $this when not in object context in /var/www/html/fpms/admin/districts.php on line 466
2025-12-18 14:36:00 - [Exception] Using $this when not in object context in /var/www/html/fpms/admin/districts.php on line 466
2025-12-18 14:36:03 - [Exception] Using $this when not in object context in /var/www/html/fpms/admin/districts.php on line 466
2025-12-18 14:37:55 - [Exception] Call to undefined method UserManager::getDivisionalSecretariatsUnderDistrict() in /var/www/html/fpms/admin/district_details.php on line 42
2025-12-18 14:46:49 - [Exception] Using $this when not in object context in /var/www/html/fpms/admin/districts.php on line 466
2025-12-18 14:47:13 - [Exception] Using $this when not in object context in /var/www/html/fpms/admin/districts.php on line 466
2025-12-18 14:48:09 - [Exception] Cannot access private property UserManager::$conn in /var/www/html/fpms/admin/districts.php on line 119
2025-12-18 14:48:48 - [Exception] Using $this when not in object context in /var/www/html/fpms/admin/districts.php on line 466
2025-12-18 14:49:00 - [Exception] Using $this when not in object context in /var/www/html/fpms/admin/districts.php on line 466
2025-12-18 14:49:04 - [Exception] Cannot access private property UserManager::$conn in /var/www/html/fpms/admin/districts.php on line 119
2025-12-18 14:51:29 - [Exception] Using $this when not in object context in /var/www/html/fpms/admin/districts.php on line 468
2025-12-18 14:51:32 - [Exception] Using $this when not in object context in /var/www/html/fpms/admin/districts.php on line 468
2025-12-18 14:51:37 - [Exception] Using $this when not in object context in /var/www/html/fpms/admin/districts.php on line 468
2025-12-18 14:51:57 - [Exception] Using $this when not in object context in /var/www/html/fpms/admin/districts.php on line 468
2025-12-18 14:52:39 - [Exception] Call to undefined method UserManager::getNotifications() in /var/www/html/fpms/index.php on line 629
2025-12-18 14:56:15 - [Exception] Call to undefined method UserManager::getNotifications() in /var/www/html/fpms/index.php on line 629
2025-12-18 14:56:32 - [Exception] Using $this when not in object context in /var/www/html/fpms/admin/districts.php on line 468
2025-12-18 15:01:05 - [Exception] Call to undefined method UserManager::getNotifications() in /var/www/html/fpms/index.php on line 629
2025-12-18 15:01:12 - [Exception] Using $this when not in object context in /var/www/html/fpms/admin/districts.php on line 468
2025-12-18 15:12:42 - [Exception] Using $this when not in object context in /var/www/html/fpms/admin/districts.php on line 468
2025-12-18 15:14:08 - [Exception] Call to undefined method UserManager::getNotifications() in /var/www/html/fpms/index.php on line 629
2025-12-18 15:17:06 - [Exception] Call to undefined method UserManager::getNotifications() in /var/www/html/fpms/index.php on line 629
2025-12-18 15:26:02 - [Exception] Call to undefined method UserManager::getNotifications() in /var/www/html/fpms/index.php on line 629
2025-12-18 15:26:36 - [Exception] Call to undefined method UserManager::getNotifications() in /var/www/html/fpms/index.php on line 629
2025-12-18 15:32:04 - [Exception] Call to undefined method UserManager::getNotifications() in /var/www/html/fpms/index.php on line 629
2025-12-18 15:34:26 - [Exception] Call to undefined method UserManager::getNotifications() in /var/www/html/fpms/index.php on line 629
2025-12-18 15:34:34 - [Exception] Using $this when not in object context in /var/www/html/fpms/admin/districts.php on line 470
2025-12-18 15:36:12 - [Exception] Call to undefined method UserManager::getNotifications() in /var/www/html/fpms/index.php on line 629
2025-12-18 15:37:10 - [Exception] Call to undefined method UserManager::getNotifications() in /var/www/html/fpms/index.php on line 629
2025-12-18 15:40:32 - [Exception] Call to undefined method UserManager::getNotifications() in /var/www/html/fpms/index.php on line 629
2025-12-18 15:41:04 - [Exception] Call to undefined method UserManager::getNotifications() in /var/www/html/fpms/index.php on line 629
2025-12-18 15:55:52 - [Exception] Call to undefined method UserManager::getNotifications() in /var/www/html/fpms/index.php on line 629
2025-12-18 15:57:52 - [Exception] Call to undefined method UserManager::getNotifications() in /var/www/html/fpms/index.php on line 629
2025-12-18 16:00:41 - [Exception] Call to undefined method UserManager::getNotifications() in /var/www/html/fpms/index.php on line 629
2025-12-18 16:06:24 - [Exception] The number of variables must match the number of parameters in the prepared statement in /var/www/html/fpms/division/gn_divisions.php on line 169
2025-12-18 16:43:15 - [Exception] Call to undefined method UserManager::getNotifications() in /var/www/html/fpms/index.php on line 629
2025-12-18 16:43:19 - [Exception] The number of variables must match the number of parameters in the prepared statement in /var/www/html/fpms/division/gn_divisions.php on line 179
2025-12-18 16:45:24 - [Exception] The number of variables must match the number of parameters in the prepared statement in /var/www/html/fpms/division/gn_divisions.php on line 188
2025-12-18 16:47:44 - [Exception] Call to undefined method UserManager::getNotifications() in /var/www/html/fpms/index.php on line 629
2025-12-18 16:47:46 - [Exception] The number of variables must match the number of parameters in the prepared statement in /var/www/html/fpms/division/gn_divisions.php on line 188
2025-12-18 16:48:10 - [Exception] Call to undefined method UserManager::getNotifications() in /var/www/html/fpms/index.php on line 629
2025-12-18 16:48:12 - [Exception] The number of variables must match the number of parameters in the prepared statement in /var/www/html/fpms/division/gn_divisions.php on line 188
2025-12-18 16:48:33 - [Exception] Call to undefined method UserManager::getNotifications() in /var/www/html/fpms/index.php on line 629
2025-12-18 16:54:50 - [Exception] Call to undefined method UserManager::getNotifications() in /var/www/html/fpms/index.php on line 629
2025-12-18 16:59:40 - [Exception] Call to undefined method UserManager::getNotifications() in /var/www/html/fpms/index.php on line 629
2025-12-18 17:03:07 - [Exception] Call to undefined method UserManager::getNotifications() in /var/www/html/fpms/index.php on line 629
2025-12-18 19:56:17 - [Exception] Call to undefined method UserManager::getNotifications() in /var/www/html/fpms/index.php on line 629
2025-12-18 20:02:34 - [Exception] Call to undefined function getStatusBadge() in /var/www/html/fpms/division/gn_divisions.php on line 627
2025-12-18 20:06:12 - [Exception] Call to undefined method UserManager::getNotifications() in /var/www/html/fpms/index.php on line 629
2025-12-18 20:06:43 - [Exception] Call to undefined method UserManager::getNotifications() in /var/www/html/fpms/index.php on line 629
2025-12-18 20:08:08 - [Exception] Call to undefined method UserManager::getNotifications() in /var/www/html/fpms/index.php on line 629
2025-12-18 20:28:28 - [Exception] Call to undefined method UserManager::getNotifications() in /var/www/html/fpms/index.php on line 629
2025-12-18 20:29:24 - [Exception] Call to undefined method UserManager::getNotifications() in /var/www/html/fpms/index.php on line 629
2025-12-18 20:29:28 - [Exception] Using $this when not in object context in /var/www/html/fpms/admin/districts.php on line 470
2025-12-18 20:29:50 - [Exception] Using $this when not in object context in /var/www/html/fpms/admin/districts.php on line 470
2025-12-18 20:29:59 - [Exception] Call to undefined method UserManager::getNotifications() in /var/www/html/fpms/index.php on line 629
2025-12-18 20:30:21 - [Exception] Call to undefined method UserManager::getNotifications() in /var/www/html/fpms/index.php on line 629
2025-12-18 20:53:17 - [Exception] Call to undefined method UserManager::getNotifications() in /var/www/html/fpms/index.php on line 629
2025-12-18 20:54:20 - [Exception] Call to undefined method UserManager::getNotifications() in /var/www/html/fpms/index.php on line 629
2025-12-18 21:04:38 - [Exception] Call to undefined method UserManager::getNotifications() in /var/www/html/fpms/index.php on line 629
2025-12-18 21:32:04 - [Exception] Call to undefined method UserManager::getNotifications() in /var/www/html/fpms/index.php on line 629
2025-12-18 21:32:29 - [Exception] Call to undefined method UserManager::getNotifications() in /var/www/html/fpms/index.php on line 629
2025-12-18 21:32:57 - [Exception] Using $this when not in object context in /var/www/html/fpms/admin/districts.php on line 470
2025-12-18 21:33:03 - [Exception] Call to undefined method UserManager::getNotifications() in /var/www/html/fpms/index.php on line 629
2025-12-18 21:33:33 - [Exception] Call to undefined method UserManager::getNotifications() in /var/www/html/fpms/index.php on line 629
2025-12-18 21:33:41 - [Exception] Using $this when not in object context in /var/www/html/fpms/admin/districts.php on line 470
2025-12-18 21:34:35 - [Exception] Call to undefined method UserManager::getNotifications() in /var/www/html/fpms/index.php on line 629
2025-12-18 21:36:11 - [Exception] Call to undefined method UserManager::getNotifications() in /var/www/html/fpms/index.php on line 629
2025-12-18 21:39:05 - [Exception] Call to undefined method UserManager::getNotifications() in /var/www/html/fpms/index.php on line 629
2025-12-18 21:39:11 - [Exception] Using $this when not in object context in /var/www/html/fpms/admin/districts.php on line 470
2025-12-18 21:40:08 - [Exception] Using $this when not in object context in /var/www/html/fpms/admin/districts.php on line 466
2025-12-18 21:40:35 - [Exception] Using $this when not in object context in /var/www/html/fpms/admin/districts.php on line 470
2025-12-18 21:43:42 - [Exception] Call to undefined method UserManager::getNotifications() in /var/www/html/fpms/index.php on line 629
2025-12-18 21:44:14 - [Exception] Call to undefined method UserManager::getNotifications() in /var/www/html/fpms/index.php on line 629
2025-12-18 21:44:39 - [Exception] Call to undefined method UserManager::getNotifications() in /var/www/html/fpms/index.php on line 629
2025-12-18 21:50:48 - [Exception] Call to undefined method UserManager::getNotifications() in /var/www/html/fpms/index.php on line 629
2025-12-18 21:50:55 - [Exception] Call to undefined method UserManager::getNotifications() in /var/www/html/fpms/index.php on line 629
2025-12-18 21:51:20 - [Exception] Call to undefined method UserManager::getNotifications() in /var/www/html/fpms/index.php on line 629
2025-12-18 21:51:54 - [Exception] Call to undefined method UserManager::getNotifications() in /var/www/html/fpms/index.php on line 629
2025-12-18 21:52:27 - [Exception] Call to undefined method UserManager::getNotifications() in /var/www/html/fpms/index.php on line 629
2025-12-18 21:52:40 - [Exception] Call to undefined method UserManager::getNotifications() in /var/www/html/fpms/index.php on line 629
2025-12-18 21:53:43 - [Exception] Call to undefined method UserManager::getNotifications() in /var/www/html/fpms/index.php on line 629
2025-12-18 21:53:52 - [Exception] Using $this when not in object context in /var/www/html/fpms/admin/districts.php on line 470
2025-12-18 21:54:06 - [Exception] Using $this when not in object context in /var/www/html/fpms/admin/districts.php on line 470
2025-12-18 21:55:50 - [Exception] Call to undefined method UserManager::getAllOffices() in /var/www/html/fpms/forms/assignments.php on line 69
2025-12-18 21:58:16 - [Exception] Call to undefined method UserManager::getAllOffices() in /var/www/html/fpms/forms/assignments.php on line 69
2025-12-18 21:58:58 - [Exception] Call to undefined method UserManager::getNotifications() in /var/www/html/fpms/index.php on line 629
2025-12-18 22:05:09 - [Exception] Call to undefined method UserManager::getNotifications() in /var/www/html/fpms/index.php on line 629
2025-12-18 22:05:25 - [Exception] Call to undefined method UserManager::getNotifications() in /var/www/html/fpms/index.php on line 629
2025-12-18 22:05:39 - [Exception] Call to undefined method UserManager::getAllOffices() in /var/www/html/fpms/forms/assignments.php on line 69
2025-12-18 22:15:29 - [Exception] Call to a member function getAllForms() on null in /var/www/html/fpms/forms/assignments.php on line 280
2025-12-18 22:18:36 - [Exception] Call to a member function getAllForms() on null in /var/www/html/fpms/forms/assignments.php on line 280
2025-12-18 22:19:15 - [Exception] Call to a member function getAllForms() on null in /var/www/html/fpms/forms/assignments.php on line 280
2025-12-18 22:19:45 - [Exception] Call to a member function getAllForms() on null in /var/www/html/fpms/forms/assignments.php on line 280
2025-12-18 22:20:50 - [Exception] Call to undefined method FormManager::getAvailableForms() in /var/www/html/fpms/forms/manage.php on line 25
2025-12-18 22:20:56 - [Exception] Call to undefined method FormManager::getAvailableForms() in /var/www/html/fpms/forms/manage.php on line 25
2025-12-18 22:21:03 - [Exception] Call to undefined method FormManager::getAvailableForms() in /var/www/html/fpms/forms/manage.php on line 25
2025-12-18 22:21:17 - [Exception] Call to undefined method FormManager::getAvailableForms() in /var/www/html/fpms/forms/manage.php on line 25
2025-12-18 22:24:00 - [Exception] Call to undefined method FormManager::getFormAssignmentCount() in /var/www/html/fpms/classes/FormManager.php on line 119
2025-12-18 22:27:25 - [Exception] Call to a member function getFormStats() on null in /var/www/html/fpms/forms/manage.php on line 324
2025-12-18 22:28:40 - [Exception] Call to a member function getFormStats() on null in /var/www/html/fpms/forms/manage.php on line 324
2025-12-18 22:30:02 - [Exception] Call to a member function getFormStats() on null in /var/www/html/fpms/forms/manage.php on line 324
2025-12-18 22:32:57 - [Exception] Call to a member function getFormStats() on null in /var/www/html/fpms/forms/manage.php on line 324
2025-12-18 22:36:17 - [Exception] Call to undefined method FormManager::getFormWithFields() in /var/www/html/fpms/forms/builder.php on line 19
2025-12-18 22:39:47 - [Exception] Call to undefined method UserManager::getNotifications() in /var/www/html/fpms/index.php on line 629
2025-12-18 22:41:16 - [Exception] Call to undefined method FormManager::getUserFormStats() in /var/www/html/fpms/includes/sidebar.php on line 168
2025-12-18 22:41:20 - [Exception] Call to undefined method FormManager::getUserFormStats() in /var/www/html/fpms/includes/sidebar.php on line 168
2025-12-18 22:41:49 - [Exception] Call to undefined method FormManager::getUserFormStats() in /var/www/html/fpms/includes/sidebar.php on line 135
2025-12-18 22:42:43 - [Exception] Call to undefined method FormManager::getUserFormStats() in /var/www/html/fpms/includes/sidebar.php on line 135
2025-12-18 22:42:58 - [Exception] Call to undefined method UserManager::getNotifications() in /var/www/html/fpms/index.php on line 629
2025-12-18 22:45:51 - [Exception] Call to undefined method FormManager::getAssignedForms() in /var/www/html/fpms/forms/submissions.php on line 30
2025-12-18 22:46:41 - [Exception] Call to undefined method UserManager::getNotifications() in /var/www/html/fpms/index.php on line 629
2025-12-18 22:47:39 - [Exception] Call to undefined method UserManager::getNotifications() in /var/www/html/fpms/index.php on line 629
2025-12-18 22:47:59 - [Exception] Call to undefined method FormManager::getUserFormStats() in /var/www/html/fpms/includes/sidebar.php on line 220
2025-12-18 22:49:45 - [Exception] Call to undefined method UserManager::getNotifications() in /var/www/html/fpms/index.php on line 629
2025-12-18 22:54:00 - [Exception] Call to undefined method FormManager::getUserFormStats() in /var/www/html/fpms/includes/sidebar.php on line 135
2025-12-18 22:55:26 - [Exception] Call to undefined method UserManager::getNotifications() in /var/www/html/fpms/index.php on line 629
2025-12-18 22:55:49 - [Exception] Call to undefined method UserManager::getNotifications() in /var/www/html/fpms/index.php on line 629
2025-12-18 23:00:36 - [Exception] Call to undefined method UserManager::getNotifications() in /var/www/html/fpms/index.php on line 629
2025-12-18 23:01:12 - [Exception] Call to undefined method UserManager::getNotifications() in /var/www/html/fpms/index.php on line 629
2025-12-18 23:09:04 - [Exception] Call to undefined method UserManager::getNotifications() in /var/www/html/fpms/index.php on line 629
2025-12-18 23:10:04 - [Exception] Call to undefined method UserManager::getNotifications() in /var/www/html/fpms/index.php on line 629
2025-12-18 23:13:54 - [Exception] Call to undefined method UserManager::getNotifications() in /var/www/html/fpms/index.php on line 629
2025-12-18 23:14:30 - [Exception] Call to undefined method FormManager::getRecentSubmissions() in /var/www/html/fpms/ajax/get_recent_families.php on line 21
2025-12-18 23:22:27 - [Exception] Call to undefined method UserManager::getNotifications() in /var/www/html/fpms/index.php on line 629
2025-12-18 23:23:04 - [Exception] Call to undefined method UserManager::getNotifications() in /var/www/html/fpms/index.php on line 629
2025-12-18 23:23:08 - [Exception] Cannot access offset of type string on string in /var/www/html/fpms/users/gn/citizens/list_families.php on line 205
2025-12-18 23:24:25 - [Exception] Call to undefined method UserManager::getNotifications() in /var/www/html/fpms/index.php on line 629
2025-12-18 23:24:36 - [Exception] Call to undefined method FormManager::getRecentSubmissions() in /var/www/html/fpms/ajax/get_recent_families.php on line 21
2025-12-18 23:30:04 - [Exception] Table 'fpms.family_forms' doesn't exist in /var/www/html/fpms/users/gn/citizens/view_family.php on line 111
2025-12-18 23:30:06 - [Exception] Table 'fpms.family_forms' doesn't exist in /var/www/html/fpms/users/gn/citizens/view_family.php on line 111
2025-12-18 23:30:06 - [Exception] Table 'fpms.family_forms' doesn't exist in /var/www/html/fpms/users/gn/citizens/view_family.php on line 111
2025-12-18 23:30:06 - [Exception] Table 'fpms.family_forms' doesn't exist in /var/www/html/fpms/users/gn/citizens/view_family.php on line 111
2025-12-18 23:31:03 - [Exception] Call to undefined method UserManager::getNotifications() in /var/www/html/fpms/index.php on line 629
2025-12-18 23:31:30 - [Exception] Call to undefined method UserManager::getNotifications() in /var/www/html/fpms/index.php on line 629
2025-12-18 23:35:04 - [Exception] Call to undefined method UserManager::getNotifications() in /var/www/html/fpms/index.php on line 629
2025-12-18 23:39:17 - [Exception] Call to undefined method UserManager::getNotifications() in /var/www/html/fpms/index.php on line 629
2025-12-18 23:39:47 - [Exception] Call to undefined method UserManager::getNotifications() in /var/www/html/fpms/index.php on line 629
2025-12-18 23:45:13 - [Exception] Call to undefined method UserManager::getNotifications() in /var/www/html/fpms/index.php on line 629
2025-12-18 23:45:43 - [Exception] Call to undefined method UserManager::getNotifications() in /var/www/html/fpms/index.php on line 629
2025-12-18 23:45:56 - [Exception] Call to undefined method UserManager::getNotifications() in /var/www/html/fpms/index.php on line 629
2025-12-18 23:46:09 - [Exception] Call to undefined method UserManager::getNotifications() in /var/www/html/fpms/index.php on line 629
2025-12-18 23:46:32 - [Exception] Call to undefined method UserManager::getNotifications() in /var/www/html/fpms/index.php on line 629
2025-12-18 23:47:02 - [Exception] Call to undefined method UserManager::getNotifications() in /var/www/html/fpms/index.php on line 629
2025-12-18 23:49:07 - [Exception] Call to undefined method UserManager::getNotifications() in /var/www/html/fpms/index.php on line 629
2025-12-18 23:49:43 - [Exception] Call to undefined method UserManager::getNotifications() in /var/www/html/fpms/index.php on line 629
2025-12-18 23:49:58 - [Exception] Call to undefined method UserManager::getNotifications() in /var/www/html/fpms/index.php on line 629
2025-12-18 23:50:49 - [Exception] Call to undefined method UserManager::getNotifications() in /var/www/html/fpms/index.php on line 629
2025-12-18 23:54:04 - [Exception] Call to undefined method UserManager::getNotifications() in /var/www/html/fpms/index.php on line 629
2025-12-18 23:54:05 - [Exception] Call to undefined method UserManager::getNotifications() in /var/www/html/fpms/index.php on line 629
2025-12-18 23:56:05 - [Exception] Call to undefined method UserManager::getNotifications() in /var/www/html/fpms/index.php on line 629
2025-12-18 23:58:19 - [Exception] Call to undefined method UserManager::getNotifications() in /var/www/html/fpms/index.php on line 629
2025-12-18 23:59:25 - [Exception] Call to undefined method UserManager::getNotifications() in /var/www/html/fpms/index.php on line 629
2025-12-19 00:01:41 - [Exception] Call to undefined method FormManager::getFormFields() in /var/www/html/fpms/forms/view.php on line 30
2025-12-19 00:04:09 - [Exception] Call to undefined method FormManager::getAssignedForms() in /var/www/html/fpms/forms/submissions.php on line 30
2025-12-19 00:09:06 - [Exception] Call to undefined method UserManager::getNotifications() in /var/www/html/fpms/index.php on line 629
2025-12-19 00:15:11 - [Exception] Call to undefined method UserManager::getNotifications() in /var/www/html/fpms/index.php on line 629
2025-12-19 00:15:25 - [Exception] Call to undefined method UserManager::getNotifications() in /var/www/html/fpms/index.php on line 629
2025-12-19 00:15:29 - [Exception] Call to undefined method UserManager::getNotifications() in /var/www/html/fpms/index.php on line 629
2025-12-19 00:15:29 - [Exception] Call to undefined method UserManager::getNotifications() in /var/www/html/fpms/index.php on line 629
2025-12-19 00:15:31 - [Exception] Call to undefined method UserManager::getNotifications() in /var/www/html/fpms/index.php on line 629
2025-12-19 00:19:10 - [Exception] Call to undefined method UserManager::getNotifications() in /var/www/html/fpms/index.php on line 629
2025-12-19 00:19:17 - [Exception] Call to undefined method UserManager::getNotifications() in /var/www/html/fpms/index.php on line 629
2025-12-19 00:20:26 - [Exception] Call to undefined method UserManager::getNotifications() in /var/www/html/fpms/index.php on line 629
2025-12-19 00:20:34 - [Exception] Call to undefined method UserManager::getNotifications() in /var/www/html/fpms/index.php on line 629
2025-12-19 00:20:48 - [Exception] Call to undefined method UserManager::getNotifications() in /var/www/html/fpms/index.php on line 629
2025-12-19 00:22:52 - [Exception] Call to undefined method UserManager::getNotifications() in /var/www/html/fpms/index.php on line 629
2025-12-19 00:23:56 - [Exception] Call to undefined method FormManager::getRecentSubmissions() in /var/www/html/fpms/ajax/get_recent_families.php on line 21
2025-12-19 00:24:15 - [Exception] Call to undefined method UserManager::getNotifications() in /var/www/html/fpms/index.php on line 629
2025-12-19 00:24:22 - [Exception] Call to undefined method FormManager::getRecentSubmissions() in /var/www/html/fpms/ajax/get_recent_families.php on line 21
2025-12-19 00:24:35 - [Exception] Call to undefined method UserManager::getNotifications() in /var/www/html/fpms/index.php on line 629
2025-12-19 00:25:42 - [Exception] Call to undefined method FormManager::getRecentSubmissions() in /var/www/html/fpms/ajax/get_recent_families.php on line 21
2025-12-19 00:27:24 - [Exception] Call to undefined method FormManager::getRecentSubmissions() in /var/www/html/fpms/ajax/get_recent_families.php on line 21
2025-12-19 00:32:26 - [Exception] Call to undefined method FormManager::getFormWithFields() in /var/www/html/fpms/forms/fill.php on line 37
2025-12-19 00:35:10 - [Exception] Call to undefined method FormManager::getFormWithFields() in /var/www/html/fpms/forms/fill.php on line 37
2025-12-19 00:41:36 - [Exception] Call to undefined method UserManager::getNotifications() in /var/www/html/fpms/index.php on line 629
2025-12-19 00:43:08 - [Exception] mysqli_stmt::bind_param(): Argument #4 cannot be passed by reference in /var/www/html/fpms/classes/FormManager.php on line 487
2025-12-19 00:45:54 - [Exception] mysqli_stmt::bind_param(): Argument #4 cannot be passed by reference in /var/www/html/fpms/classes/FormManager.php on line 1061
2025-12-19 00:46:02 - [Exception] Call to undefined method UserManager::getNotifications() in /var/www/html/fpms/index.php on line 629
2025-12-19 00:46:19 - [Exception] Call to undefined method UserManager::getNotifications() in /var/www/html/fpms/index.php on line 629
2025-12-19 00:46:33 - [Exception] Call to undefined method UserManager::getNotifications() in /var/www/html/fpms/index.php on line 629
2025-12-19 00:48:32 - [Exception] Call to undefined method FormManager::getRecentSubmissions() in /var/www/html/fpms/ajax/get_recent_families.php on line 21
2025-12-19 09:25:30 - [Exception] Call to undefined method UserManager::getNotifications() in /var/www/html/fpms/index.php on line 629
2025-12-19 09:29:18 - [Exception] Call to undefined method UserManager::getNotifications() in /var/www/html/fpms/index.php on line 629
2025-12-19 09:29:24 - [Exception] Call to undefined method UserManager::getNotifications() in /var/www/html/fpms/index.php on line 629
2025-12-19 09:32:09 - [Exception] Call to undefined method UserManager::getNotifications() in /var/www/html/fpms/index.php on line 629
2025-12-19 09:34:39 - [Exception] Call to undefined method UserManager::getNotifications() in /var/www/html/fpms/index.php on line 629
2025-12-19 09:38:47 - [Exception] Failed opening required '../config.php' (include_path='.:/usr/share/php') in /var/www/html/fpms/includes/header.php on line 8
2025-12-19 09:38:50 - [Exception] Failed opening required '../config.php' (include_path='.:/usr/share/php') in /var/www/html/fpms/includes/header.php on line 8
2025-12-19 09:38:50 - [Exception] Failed opening required '../config.php' (include_path='.:/usr/share/php') in /var/www/html/fpms/includes/header.php on line 8
2025-12-19 09:43:13 - [Exception] Call to undefined method FormManager::getRecentSubmissions() in /var/www/html/fpms/ajax/get_recent_families.php on line 21
2025-12-19 10:03:08 - [Exception] Call to undefined method Auth::getCsrfToken() in /var/www/html/fpms/includes/header.php on line 62
2025-12-19 10:03:11 - [Exception] Call to undefined method Auth::getCsrfToken() in /var/www/html/fpms/includes/header.php on line 62
2025-12-19 10:03:20 - [Exception] Call to undefined method Auth::getCsrfToken() in /var/www/html/fpms/includes/header.php on line 62
2025-12-19 10:27:24 - [Exception] Call to undefined method UserManager::getNotifications() in /var/www/html/fpms/index.php on line 631
2025-12-19 10:50:30 - [Exception] Call to undefined method UserManager::getNotifications() in /var/www/html/fpms/index.php on line 631
2025-12-19 10:57:08 - [Exception] Call to undefined method UserManager::getNotifications() in /var/www/html/fpms/index.php on line 631
2025-12-19 10:59:29 - [Exception] Call to undefined method UserManager::getNotifications() in /var/www/html/fpms/index.php on line 631
2025-12-20 10:22:15 - [Exception] Call to undefined method UserManager::getNotifications() in /var/www/html/fpms/index.php on line 631
2025-12-20 10:27:51 - [Exception] Call to undefined method UserManager::getNotifications() in /var/www/html/fpms/index.php on line 631
2025-12-20 10:37:51 - [Exception] Call to undefined method UserManager::getNotifications() in /var/www/html/fpms/index.php on line 631
2025-12-20 10:42:47 - [Exception] Cannot access offset of type string on string in /var/www/html/fpms/users/gn/citizens/list_families.php on line 1248
2025-12-20 10:46:35 - [Exception] Call to undefined method FormManager::getRecentSubmissions() in /var/www/html/fpms/ajax/get_recent_families.php on line 21
2025-12-20 10:50:39 - [Exception] Call to undefined method UserManager::getNotifications() in /var/www/html/fpms/index.php on line 631
2025-12-20 10:52:02 - [Exception] Call to undefined method FormManager::getRecentSubmissions() in /var/www/html/fpms/ajax/get_recent_families.php on line 21
2025-12-20 10:52:22 - [Exception] Call to undefined method FormManager::getRecentSubmissions() in /var/www/html/fpms/ajax/get_recent_families.php on line 21
2025-12-20 10:52:40 - [Exception] Call to undefined method UserManager::getNotifications() in /var/www/html/fpms/index.php on line 631
2025-12-20 10:56:00 - [Exception] mysqli_stmt::bind_param(): Argument #4 cannot be passed by reference in /var/www/html/fpms/classes/FormManager.php on line 1061
2025-12-20 11:05:50 - [Exception] mysqli_stmt::bind_param(): Argument #4 cannot be passed by reference in /var/www/html/fpms/classes/FormManager.php on line 1061
2025-12-20 11:13:42 - [Exception] mysqli_stmt::bind_param(): Argument #4 cannot be passed by reference in /var/www/html/fpms/classes/FormManager.php on line 55
2025-12-20 11:37:26 - [Exception] mysqli_stmt::bind_param(): Argument #4 cannot be passed by reference in /var/www/html/fpms/classes/FormManager.php on line 55
2025-12-20 12:20:05 - [Exception] Call to undefined method FormManager::addFormField() in /var/www/html/fpms/forms/builder.php on line 58
2025-12-20 12:25:28 - [Exception] Call to undefined method FormManager::addFormField() in /var/www/html/fpms/forms/builder.php on line 58
2025-12-20 12:38:14 - [Exception] Call to undefined method UserManager::getNotifications() in /var/www/html/fpms/index.php on line 631
2025-12-20 12:38:41 - [Exception] Call to undefined method UserManager::getNotifications() in /var/www/html/fpms/index.php on line 631
2025-12-20 12:39:55 - [Exception] Call to undefined method UserManager::getNotifications() in /var/www/html/fpms/index.php on line 631
2025-12-20 12:40:00 - [Exception] mysqli object is already closed in /var/www/html/fpms/classes/FormManager.php on line 978
2025-12-20 13:52:42 - [Exception] Call to undefined method FormManager::getFamilySubmissions() in /var/www/html/fpms/users/gn/citizens/view_family.php on line 106
2025-12-20 14:35:30 - [Exception] Call to undefined method UserManager::getNotifications() in /var/www/html/fpms/index.php on line 631
2025-12-20 14:36:50 - [Exception] Call to undefined method UserManager::getNotifications() in /var/www/html/fpms/index.php on line 631
2025-12-20 14:40:46 - [Exception] Call to undefined method UserManager::getNotifications() in /var/www/html/fpms/index.php on line 631
2025-12-20 14:41:00 - [Exception] Call to undefined method UserManager::getNotifications() in /var/www/html/fpms/index.php on line 631
2025-12-20 14:42:06 - [Exception] Call to undefined method UserManager::getNotifications() in /var/www/html/fpms/index.php on line 631
2025-12-20 14:51:14 - [Exception] Call to undefined method UserManager::getNotifications() in /var/www/html/fpms/index.php on line 631
2025-12-20 15:02:56 - [Exception] Call to undefined method UserManager::getNotifications() in /var/www/html/fpms/index.php on line 631
2025-12-20 15:03:40 - [Exception] Call to undefined method UserManager::getNotifications() in /var/www/html/fpms/index.php on line 631
2025-12-20 15:09:16 - [Exception] Call to undefined method UserManager::getNotifications() in /var/www/html/fpms/index.php on line 631
2025-12-20 15:10:39 - [Exception] Call to undefined method UserManager::getNotifications() in /var/www/html/fpms/index.php on line 631
2025-12-20 15:14:40 - [Exception] Call to undefined method UserManager::getNotifications() in /var/www/html/fpms/index.php on line 631
2025-12-20 15:30:30 - [Exception] Call to undefined method UserManager::getNotifications() in /var/www/html/fpms/index.php on line 631
2025-12-20 21:48:27 - [Exception] Call to undefined method UserManager::getNotifications() in /var/www/html/fpms/index.php on line 631
2025-12-20 21:53:49 - [Exception] Call to undefined method UserManager::getNotifications() in /var/www/html/fpms/index.php on line 631
2025-12-21 06:20:56 - [Exception] Call to undefined method UserManager::getNotifications() in /var/www/html/fpms/index.php on line 631
2025-12-21 06:22:55 - [Exception] Call to undefined method UserManager::getNotifications() in /var/www/html/fpms/index.php on line 631
2025-12-21 07:10:02 - [Exception] Call to undefined method UserManager::getNotifications() in /var/www/html/fpms/index.php on line 631
2025-12-21 07:11:21 - [Exception] Call to undefined method UserManager::getNotifications() in /var/www/html/fpms/index.php on line 631
2025-12-21 07:12:28 - [Exception] Call to undefined method UserManager::getNotifications() in /var/www/html/fpms/index.php on line 631
2025-12-21 07:12:51 - [Exception] Call to undefined method UserManager::getNotifications() in /var/www/html/fpms/index.php on line 631
2025-12-21 07:32:42 - [Exception] Cannot access offset of type string on string in /var/www/html/fpms/users/gn/citizens/list_families.php on line 644
2025-12-21 09:51:27 - [Exception] Call to undefined method UserManager::getNotifications() in /var/www/html/fpms/index.php on line 631
2025-12-21 10:22:59 - [Exception] Call to undefined method UserManager::getNotifications() in /var/www/html/fpms/index.php on line 631
2025-12-21 10:44:18 - [Exception] Call to undefined method UserManager::getNotifications() in /var/www/html/fpms/index.php on line 631
2025-12-21 10:44:25 - [Exception] Call to undefined method UserManager::getNotifications() in /var/www/html/fpms/index.php on line 631
2025-12-21 10:44:31 - [Exception] Call to undefined method UserManager::getNotifications() in /var/www/html/fpms/index.php on line 631
2025-12-21 10:44:42 - [Exception] Call to undefined method UserManager::getNotifications() in /var/www/html/fpms/index.php on line 631
2025-12-21 10:45:23 - [Exception] Call to undefined method UserManager::getNotifications() in /var/www/html/fpms/index.php on line 631
2025-12-21 10:45:56 - [Exception] Call to undefined method UserManager::getNotifications() in /var/www/html/fpms/index.php on line 631
2025-12-21 10:46:09 - [Exception] Call to undefined method UserManager::getNotifications() in /var/www/html/fpms/index.php on line 631
2025-12-21 10:46:15 - [Exception] Call to undefined method UserManager::getNotifications() in /var/www/html/fpms/index.php on line 631
2025-12-21 10:46:23 - [Exception] Call to undefined method UserManager::getNotifications() in /var/www/html/fpms/index.php on line 631
2025-12-21 10:46:29 - [Exception] Call to undefined method UserManager::getNotifications() in /var/www/html/fpms/index.php on line 631
2025-12-21 10:46:45 - [Exception] Call to undefined method UserManager::getNotifications() in /var/www/html/fpms/index.php on line 631
2025-12-21 10:49:58 - [Exception] syntax error, unexpected end of file, expecting "elseif" or "else" or "endif" in /var/www/html/fpms/includes/sidebar.php on line 758
2025-12-21 10:49:59 - [Exception] syntax error, unexpected end of file, expecting "elseif" or "else" or "endif" in /var/www/html/fpms/includes/sidebar.php on line 758
2025-12-21 10:49:59 - [Exception] syntax error, unexpected end of file, expecting "elseif" or "else" or "endif" in /var/www/html/fpms/includes/sidebar.php on line 758
2025-12-21 10:50:30 - [Exception] Call to undefined method UserManager::getNotifications() in /var/www/html/fpms/index.php on line 631
2025-12-21 10:51:25 - [Exception] Call to undefined method UserManager::getNotifications() in /var/www/html/fpms/index.php on line 631
2025-12-21 10:51:40 - [Exception] Call to undefined method UserManager::getNotifications() in /var/www/html/fpms/index.php on line 631
2025-12-21 10:52:01 - [Exception] Call to undefined method UserManager::getNotifications() in /var/www/html/fpms/index.php on line 631
2025-12-21 10:52:46 - [Exception] Call to undefined method UserManager::getNotifications() in /var/www/html/fpms/index.php on line 631
2025-12-21 10:53:12 - [Exception] Call to undefined method UserManager::getNotifications() in /var/www/html/fpms/index.php on line 631
2025-12-21 10:53:56 - [Exception] Call to undefined method UserManager::getNotifications() in /var/www/html/fpms/index.php on line 631
2025-12-21 10:54:05 - [Exception] Call to undefined method UserManager::getNotifications() in /var/www/html/fpms/index.php on line 631
2025-12-21 10:54:42 - [Exception] Call to undefined method UserManager::getNotifications() in /var/www/html/fpms/index.php on line 631
2025-12-21 10:57:19 - [Exception] Call to undefined method UserManager::getNotifications() in /var/www/html/fpms/index.php on line 631
2025-12-21 10:58:24 - [Exception] Call to undefined method UserManager::getNotifications() in /var/www/html/fpms/index.php on line 631
2025-12-21 12:33:31 - [Exception] Call to undefined method UserManager::getNotifications() in /var/www/html/fpms/index.php on line 631
2025-12-21 12:36:10 - [Exception] Call to undefined method UserManager::getNotifications() in /var/www/html/fpms/index.php on line 631
2025-12-21 12:37:49 - [Exception] Call to undefined method UserManager::getNotifications() in /var/www/html/fpms/index.php on line 631
2025-12-21 12:42:46 - [Exception] Call to undefined method UserManager::getNotifications() in /var/www/html/fpms/index.php on line 631
2025-12-21 20:06:12 - [Exception] Call to undefined method UserManager::getNotifications() in /var/www/html/fpms/index.php on line 631
2025-12-21 20:11:31 - [Exception] Call to undefined method UserManager::getNotifications() in /var/www/html/fpms/index.php on line 631
2025-12-21 20:29:35 - [Exception] Call to undefined method UserManager::getNotifications() in /var/www/html/fpms/index.php on line 631
2025-12-21 20:30:26 - [Exception] Call to undefined method UserManager::getNotifications() in /var/www/html/fpms/index.php on line 631
2025-12-21 21:26:33 - [Exception] Call to undefined method UserManager::getNotifications() in /var/www/html/fpms/index.php on line 631
2025-12-21 21:26:49 - [Exception] Call to undefined method UserManager::getNotifications() in /var/www/html/fpms/index.php on line 631
2025-12-22 11:41:44 - [Exception] Call to undefined method UserManager::getNotifications() in /var/www/html/fpms/index.php on line 631
2025-12-22 11:42:49 - [Exception] Using $this when not in object context in /var/www/html/fpms/admin/districts.php on line 470
2025-12-22 11:43:47 - [Exception] Using $this when not in object context in /var/www/html/fpms/admin/districts.php on line 470
2025-12-22 11:45:00 - [Exception] Using $this when not in object context in /var/www/html/fpms/admin/districts.php on line 470
2025-12-22 11:48:26 - [Exception] Call to undefined method UserManager::getNotifications() in /var/www/html/fpms/index.php on line 631
2025-12-22 11:50:50 - [Exception] Call to undefined method UserManager::getNotifications() in /var/www/html/fpms/index.php on line 631
2025-12-22 11:51:46 - [Exception] Call to undefined method UserManager::getNotifications() in /var/www/html/fpms/index.php on line 631
2025-12-22 11:57:59 - [Exception] Call to undefined method UserManager::getNotifications() in /var/www/html/fpms/index.php on line 631
2025-12-22 12:01:00 - [Exception] Call to undefined method UserManager::getNotifications() in /var/www/html/fpms/index.php on line 631
2025-12-22 12:25:55 - [Exception] Call to undefined method UserManager::getNotifications() in /var/www/html/fpms/index.php on line 631
2025-12-22 12:28:14 - [Exception] Call to undefined method UserManager::getNotifications() in /var/www/html/fpms/index.php on line 631
2025-12-22 13:00:47 - [Exception] Call to undefined method UserManager::getNotifications() in /var/www/html/fpms/index.php on line 631
2025-12-22 14:51:01 - [Exception] Call to undefined method UserManager::getNotifications() in /var/www/html/fpms/index.php on line 631
2025-12-22 14:51:17 - [Exception] Call to undefined method FormManager::getMemberSubmissions() in /var/www/html/fpms/users/gn/citizens/view_member.php on line 103
2025-12-22 15:09:03 - [Exception] Call to undefined method FormManager::getAvailableForms() in /var/www/html/fpms/users/gn/citizens/view_member.php on line 109
2025-12-22 15:09:13 - [Exception] Call to undefined method FormManager::getAvailableForms() in /var/www/html/fpms/users/gn/citizens/view_member.php on line 109
2025-12-22 15:12:33 - [Exception] syntax error, unexpected token "public" in /var/www/html/fpms/classes/FormManager.php on line 1849
2025-12-22 15:14:04 - [Exception] syntax error, unexpected token "public" in /var/www/html/fpms/classes/FormManager.php on line 1848
2025-12-22 15:18:59 - [Exception] syntax error, unexpected token "public" in /var/www/html/fpms/classes/FormManager.php on line 1848
2025-12-22 15:19:00 - [Exception] syntax error, unexpected token "public" in /var/www/html/fpms/classes/FormManager.php on line 1848
2025-12-22 15:19:01 - [Exception] syntax error, unexpected token "public" in /var/www/html/fpms/classes/FormManager.php on line 1848
2025-12-22 15:19:03 - [Exception] syntax error, unexpected token "public" in /var/www/html/fpms/classes/FormManager.php on line 1848
2025-12-22 15:19:04 - [Exception] syntax error, unexpected token "public" in /var/www/html/fpms/classes/FormManager.php on line 1848
2025-12-22 15:19:05 - [Exception] syntax error, unexpected token "public" in /var/www/html/fpms/classes/FormManager.php on line 1848
2025-12-22 15:19:06 - [Exception] syntax error, unexpected token "public" in /var/www/html/fpms/classes/FormManager.php on line 1848
2025-12-22 15:19:34 - [Exception] syntax error, unexpected token "public" in /var/www/html/fpms/classes/FormManager.php on line 1848
2025-12-22 15:20:04 - [Exception] Call to undefined method UserManager::getNotifications() in /var/www/html/fpms/index.php on line 631
2025-12-22 15:33:43 - [Exception] syntax error, unexpected token "public" in /var/www/html/fpms/classes/FormManager.php on line 1146
